<?xml version="1.0" encoding="UTF-8"?>
<testng-results ignored="0" total="4" passed="4" failed="0" skipped="0">
  <reporter-output>
  </reporter-output>
  <suite started-at="2020-03-31T19:31:41 IST" name="Suite" finished-at="2020-03-31T19:34:25 IST" duration-ms="164503">
    <groups>
    </groups>
    <test started-at="2020-03-31T19:31:41 IST" name="HtmlResult" finished-at="2020-03-31T19:34:25 IST" duration-ms="164503">
      <class name="com.crm.qa.Testcases.LoginTest">
        <test-method is-config="true" signature="Initialization()[pri:0, instance:com.crm.qa.Testcases.LoginTest@54c5a2ff]" started-at="2020-03-31T19:31:41 IST" name="Initialization" finished-at="2020-03-31T19:32:32 IST" duration-ms="51835" status="PASS">
          <reporter-output>
          </reporter-output>
        </test-method> <!-- Initialization -->
        <test-method signature="Title()[pri:0, instance:com.crm.qa.Testcases.LoginTest@54c5a2ff]" started-at="2020-03-31T19:32:32 IST" name="Title" finished-at="2020-03-31T19:32:35 IST" duration-ms="2118" status="PASS">
          <reporter-output>
          </reporter-output>
        </test-method> <!-- Title -->
        <test-method is-config="true" signature="tearDown()[pri:0, instance:com.crm.qa.Testcases.LoginTest@54c5a2ff]" started-at="2020-03-31T19:32:35 IST" name="tearDown" finished-at="2020-03-31T19:32:36 IST" duration-ms="1090" status="PASS">
          <reporter-output>
          </reporter-output>
        </test-method> <!-- tearDown -->
        <test-method is-config="true" signature="Initialization()[pri:0, instance:com.crm.qa.Testcases.LoginTest@54c5a2ff]" started-at="2020-03-31T19:32:36 IST" name="Initialization" finished-at="2020-03-31T19:33:02 IST" duration-ms="26347" status="PASS">
          <reporter-output>
          </reporter-output>
        </test-method> <!-- Initialization -->
        <test-method signature="LogoTest()[pri:1, instance:com.crm.qa.Testcases.LoginTest@54c5a2ff]" started-at="2020-03-31T19:33:02 IST" name="LogoTest" finished-at="2020-03-31T19:33:04 IST" duration-ms="1568" status="PASS">
          <reporter-output>
          </reporter-output>
        </test-method> <!-- LogoTest -->
        <test-method is-config="true" signature="tearDown()[pri:0, instance:com.crm.qa.Testcases.LoginTest@54c5a2ff]" started-at="2020-03-31T19:33:04 IST" name="tearDown" finished-at="2020-03-31T19:33:05 IST" duration-ms="1151" status="PASS">
          <reporter-output>
          </reporter-output>
        </test-method> <!-- tearDown -->
        <test-method is-config="true" signature="Initialization()[pri:0, instance:com.crm.qa.Testcases.LoginTest@54c5a2ff]" started-at="2020-03-31T19:33:05 IST" name="Initialization" finished-at="2020-03-31T19:33:27 IST" duration-ms="22104" status="PASS">
          <reporter-output>
          </reporter-output>
        </test-method> <!-- Initialization -->
        <test-method signature="Signup()[pri:2, instance:com.crm.qa.Testcases.LoginTest@54c5a2ff]" started-at="2020-03-31T19:33:27 IST" name="Signup" finished-at="2020-03-31T19:33:41 IST" duration-ms="13972" status="PASS">
          <reporter-output>
          </reporter-output>
        </test-method> <!-- Signup -->
        <test-method is-config="true" signature="tearDown()[pri:0, instance:com.crm.qa.Testcases.LoginTest@54c5a2ff]" started-at="2020-03-31T19:33:41 IST" name="tearDown" finished-at="2020-03-31T19:33:42 IST" duration-ms="1146" status="PASS">
          <reporter-output>
          </reporter-output>
        </test-method> <!-- tearDown -->
        <test-method is-config="true" signature="Initialization()[pri:0, instance:com.crm.qa.Testcases.LoginTest@54c5a2ff]" started-at="2020-03-31T19:33:42 IST" name="Initialization" finished-at="2020-03-31T19:34:06 IST" duration-ms="24400" status="PASS">
          <reporter-output>
          </reporter-output>
        </test-method> <!-- Initialization -->
        <test-method signature="Login()[pri:3, instance:com.crm.qa.Testcases.LoginTest@54c5a2ff]" started-at="2020-03-31T19:34:06 IST" name="Login" finished-at="2020-03-31T19:34:24 IST" duration-ms="17480" status="PASS">
          <reporter-output>
          </reporter-output>
        </test-method> <!-- Login -->
        <test-method is-config="true" signature="tearDown()[pri:0, instance:com.crm.qa.Testcases.LoginTest@54c5a2ff]" started-at="2020-03-31T19:34:24 IST" name="tearDown" finished-at="2020-03-31T19:34:25 IST" duration-ms="1180" status="PASS">
          <reporter-output>
          </reporter-output>
        </test-method> <!-- tearDown -->
      </class> <!-- com.crm.qa.Testcases.LoginTest -->
    </test> <!-- HtmlResult -->
  </suite> <!-- Suite -->
</testng-results>
