<?xml version="1.0" encoding="UTF-8"?>
<!-- Generated by org.testng.reporters.JUnitXMLReporter -->
<testsuite ignored="0" hostname="sudhir-kumar" failures="0" tests="4" name="HtmlResult" time="164.503" errors="0" timestamp="2020-03-31T19:34:25 IST">
  <testcase classname="com.crm.qa.Testcases.LoginTest" name="Title" time="2.118"/>
  <testcase classname="com.crm.qa.Testcases.LoginTest" name="LogoTest" time="1.568"/>
  <testcase classname="com.crm.qa.Testcases.LoginTest" name="Signup" time="13.972"/>
  <testcase classname="com.crm.qa.Testcases.LoginTest" name="Login" time="17.48"/>
</testsuite> <!-- HtmlResult -->
