<?xml version="1.0" encoding="UTF-8"?>
<!-- Generated by org.testng.reporters.JUnitXMLReporter -->
<testsuite ignored="0" hostname="sudhir-kumar" failures="0" tests="4" name="Test" time="131.551" errors="0" timestamp="2020-03-27T20:00:38 IST">
  <testcase classname="com.crm.qa.Testcases.HomePageTest" name="Title" time="0.098"/>
  <testcase classname="com.crm.qa.Testcases.HomePageTest" name="UserName" time="0.484"/>
  <testcase classname="com.crm.qa.Testcases.HomePageTest" name="Search" time="1.756"/>
  <testcase classname="com.crm.qa.Testcases.HomePageTest" name="Account" time="3.051"/>
</testsuite> <!-- Test -->
