<?xml version="1.0" encoding="UTF-8"?>
<!-- Generated by org.testng.reporters.JUnitXMLReporter -->
<testsuite ignored="0" hostname="sudhir-kumar" failures="0" tests="4" name="Default test" time="140.677" errors="0" timestamp="2020-03-29T21:07:09 IST">
  <testcase classname="com.crm.qa.Testcases.LoginTest" name="Title" time="2.265"/>
  <testcase classname="com.crm.qa.Testcases.LoginTest" name="LogoTest" time="2.374"/>
  <testcase classname="com.crm.qa.Testcases.LoginTest" name="Signup" time="10.141"/>
  <testcase classname="com.crm.qa.Testcases.LoginTest" name="Login" time="13.76"/>
</testsuite> <!-- Default test -->
